2021-01-21 08:01:30.457 - INFO - 5342 - azureml.train.automl._azureautomlclient.modify_run_configuration:199 - Package azureml-train-automl missing from dependencies file.
2021-01-21 08:01:30.457 - INFO - 5342 - azureml.train.automl._azureautomlclient.modify_run_configuration:205 - Using pinned version: azureml-train-automl==1.19.0.*
2021-01-21 08:01:30.457 - INFO - 5342 - azureml.train.automl._azureautomlclient.modify_run_configuration:199 - Package pandas missing from dependencies file.
2021-01-21 08:01:30.458 - INFO - 5342 - azureml.train.automl._azureautomlclient.modify_run_configuration:205 - Using pinned version: pandas==0.25.1
2021-01-21 08:01:30.458 - INFO - 5342 - azureml.train.automl._azureautomlclient.modify_run_configuration:199 - Package psutil missing from dependencies file.
2021-01-21 08:01:30.459 - INFO - 5342 - azureml.train.automl._azureautomlclient.modify_run_configuration:205 - Using pinned version: psutil>5.0.0,<6.0.0
2021-01-21 08:01:30.460 - INFO - 5342 - azureml.train.automl._azureautomlclient.modify_run_configuration:199 - Package scikit-learn missing from dependencies file.
2021-01-21 08:01:30.460 - INFO - 5342 - azureml.train.automl._azureautomlclient.modify_run_configuration:205 - Using pinned version: scikit-learn==0.22.1
2021-01-21 08:01:30.460 - INFO - 5342 - azureml.train.automl._azureautomlclient.modify_run_configuration:199 - Package numpy missing from dependencies file.
2021-01-21 08:01:30.460 - INFO - 5342 - azureml.train.automl._azureautomlclient.modify_run_configuration:205 - Using pinned version: numpy~=1.18.0
2021-01-21 08:01:30.461 - INFO - 5342 - azureml.train.automl._azureautomlclient.modify_run_configuration:199 - Package py-xgboost missing from dependencies file.
2021-01-21 08:01:30.462 - INFO - 5342 - azureml.train.automl._azureautomlclient.modify_run_configuration:205 - Using pinned version: py-xgboost<=0.90
2021-01-21 08:01:30.463 - INFO - 5342 - azureml.train.automl._azureautomlclient.modify_run_configuration:199 - Package inference-schema missing from dependencies file.
2021-01-21 08:01:30.471 - INFO - 5342 - azureml.train.automl._azureautomlclient.modify_run_configuration:199 - Package fbprophet missing from dependencies file.
2021-01-21 08:01:30.471 - INFO - 5342 - azureml.train.automl._azureautomlclient.modify_run_configuration:205 - Using pinned version: fbprophet==0.5
2021-01-21 08:01:30.472 - INFO - 5342 - azureml.train.automl._azureautomlclient.modify_run_configuration:199 - Package setuptools-git missing from dependencies file.
2021-01-21 08:01:30.472 - INFO - 5342 - azureml.train.automl._azureautomlclient.modify_run_configuration:209 - Using installed version: setuptools-git==1.2
2021-01-21 08:01:30.482 - INFO - 5342 - azureml.train.automl._azureautomlclient._validate_input:663 - Start data validation.
2021-01-21 08:01:31.405 - INFO - 5342 - azureml.train.automl._azureautomlclient._validate_input:676 - Validation service found the data has no errors.
2021-01-21 08:01:31.406 - INFO - 5342 - azureml.train.automl._azureautomlclient._create_parent_run_for_remote:541 - Start creating parent run.
2021-01-21 08:01:31.629 - INFO - 5342 - azureml.train.automl._azureautomlclient._create_parent_run_for_remote:561 - [ParentRunID:AutoML_1f3a196d-618a-4b9d-ae30-76a5b8ebf0ef] Remote run using input X and y.
2021-01-21 08:01:31.698 - INFO - 5342 - azureml.train.automl._azureautomlclient._create_parent_run_for_remote:574 - Parent Run ID: AutoML_1f3a196d-618a-4b9d-ae30-76a5b8ebf0ef
2021-01-21 08:01:31.699 - INFO - 5342 - azureml.train.automl._azureautomlclient._fit_remote_core:502 - Starting a snapshot run (snapshot_id : None)
